<?xml version="1.0" encoding="UTF-8"?>
<testsuite xmlns:xsi="http://www.w3.org/2001/XMLSchema-instance" xsi:noNamespaceSchemaLocation="https://maven.apache.org/surefire/maven-surefire-plugin/xsd/surefire-test-report-3.0.xsd" version="3.0" name="com.logparser.AppTest" time="0.381" tests="14" errors="0" skipped="0" failures="0">
  <properties>
    <property name="java.specification.version" value="22"/>
    <property name="sun.jnu.encoding" value="UTF-8"/>
    <property name="java.class.path" value="/Users/bhavikasodagum/Desktop/202p/LogParserApp/target/test-classes:/Users/bhavikasodagum/Desktop/202p/LogParserApp/target/classes:/Users/bhavikasodagum/.m2/repository/com/fasterxml/jackson/core/jackson-databind/2.15.2/jackson-databind-2.15.2.jar:/Users/bhavikasodagum/.m2/repository/com/fasterxml/jackson/core/jackson-annotations/2.15.2/jackson-annotations-2.15.2.jar:/Users/bhavikasodagum/.m2/repository/com/fasterxml/jackson/core/jackson-core/2.15.2/jackson-core-2.15.2.jar:/Users/bhavikasodagum/.m2/repository/org/junit/jupiter/junit-jupiter/5.9.3/junit-jupiter-5.9.3.jar:/Users/bhavikasodagum/.m2/repository/org/junit/jupiter/junit-jupiter-api/5.9.3/junit-jupiter-api-5.9.3.jar:/Users/bhavikasodagum/.m2/repository/org/opentest4j/opentest4j/1.2.0/opentest4j-1.2.0.jar:/Users/bhavikasodagum/.m2/repository/org/junit/platform/junit-platform-commons/1.9.3/junit-platform-commons-1.9.3.jar:/Users/bhavikasodagum/.m2/repository/org/apiguardian/apiguardian-api/1.1.2/apiguardian-api-1.1.2.jar:/Users/bhavikasodagum/.m2/repository/org/junit/jupiter/junit-jupiter-params/5.9.3/junit-jupiter-params-5.9.3.jar:/Users/bhavikasodagum/.m2/repository/org/junit/jupiter/junit-jupiter-engine/5.9.3/junit-jupiter-engine-5.9.3.jar:/Users/bhavikasodagum/.m2/repository/org/junit/platform/junit-platform-engine/1.9.3/junit-platform-engine-1.9.3.jar:/Users/bhavikasodagum/.m2/repository/org/apache/commons/commons-math3/3.6.1/commons-math3-3.6.1.jar:/Users/bhavikasodagum/.m2/repository/com/fasterxml/jackson/datatype/jackson-datatype-jsr310/2.15.2/jackson-datatype-jsr310-2.15.2.jar:"/>
    <property name="java.vm.vendor" value="Oracle Corporation"/>
    <property name="sun.arch.data.model" value="64"/>
    <property name="java.vendor.url" value="https://java.oracle.com/"/>
    <property name="user.timezone" value="America/Los_Angeles"/>
    <property name="os.name" value="Mac OS X"/>
    <property name="java.vm.specification.version" value="22"/>
    <property name="sun.java.launcher" value="SUN_STANDARD"/>
    <property name="user.country" value="US"/>
    <property name="sun.boot.library.path" value="/Library/Java/JavaVirtualMachines/jdk-22.jdk/Contents/Home/lib"/>
    <property name="sun.java.command" value="/Users/bhavikasodagum/Desktop/202p/LogParserApp/target/surefire/surefirebooter-20241130224434134_3.jar /Users/bhavikasodagum/Desktop/202p/LogParserApp/target/surefire 2024-11-30T22-44-34_074-jvmRun1 surefire-20241130224434134_1tmp surefire_0-20241130224434134_2tmp"/>
    <property name="http.nonProxyHosts" value="local|*.local|169.254/16|*.169.254/16"/>
    <property name="jdk.debug" value="release"/>
    <property name="surefire.test.class.path" value="/Users/bhavikasodagum/Desktop/202p/LogParserApp/target/test-classes:/Users/bhavikasodagum/Desktop/202p/LogParserApp/target/classes:/Users/bhavikasodagum/.m2/repository/com/fasterxml/jackson/core/jackson-databind/2.15.2/jackson-databind-2.15.2.jar:/Users/bhavikasodagum/.m2/repository/com/fasterxml/jackson/core/jackson-annotations/2.15.2/jackson-annotations-2.15.2.jar:/Users/bhavikasodagum/.m2/repository/com/fasterxml/jackson/core/jackson-core/2.15.2/jackson-core-2.15.2.jar:/Users/bhavikasodagum/.m2/repository/org/junit/jupiter/junit-jupiter/5.9.3/junit-jupiter-5.9.3.jar:/Users/bhavikasodagum/.m2/repository/org/junit/jupiter/junit-jupiter-api/5.9.3/junit-jupiter-api-5.9.3.jar:/Users/bhavikasodagum/.m2/repository/org/opentest4j/opentest4j/1.2.0/opentest4j-1.2.0.jar:/Users/bhavikasodagum/.m2/repository/org/junit/platform/junit-platform-commons/1.9.3/junit-platform-commons-1.9.3.jar:/Users/bhavikasodagum/.m2/repository/org/apiguardian/apiguardian-api/1.1.2/apiguardian-api-1.1.2.jar:/Users/bhavikasodagum/.m2/repository/org/junit/jupiter/junit-jupiter-params/5.9.3/junit-jupiter-params-5.9.3.jar:/Users/bhavikasodagum/.m2/repository/org/junit/jupiter/junit-jupiter-engine/5.9.3/junit-jupiter-engine-5.9.3.jar:/Users/bhavikasodagum/.m2/repository/org/junit/platform/junit-platform-engine/1.9.3/junit-platform-engine-1.9.3.jar:/Users/bhavikasodagum/.m2/repository/org/apache/commons/commons-math3/3.6.1/commons-math3-3.6.1.jar:/Users/bhavikasodagum/.m2/repository/com/fasterxml/jackson/datatype/jackson-datatype-jsr310/2.15.2/jackson-datatype-jsr310-2.15.2.jar:"/>
    <property name="sun.cpu.endian" value="little"/>
    <property name="user.home" value="/Users/bhavikasodagum"/>
    <property name="user.language" value="en"/>
    <property name="java.specification.vendor" value="Oracle Corporation"/>
    <property name="java.version.date" value="2024-07-16"/>
    <property name="java.home" value="/Library/Java/JavaVirtualMachines/jdk-22.jdk/Contents/Home"/>
    <property name="file.separator" value="/"/>
    <property name="basedir" value="/Users/bhavikasodagum/Desktop/202p/LogParserApp"/>
    <property name="java.vm.compressedOopsMode" value="Zero based"/>
    <property name="line.separator" value="&#10;"/>
    <property name="java.vm.specification.vendor" value="Oracle Corporation"/>
    <property name="java.specification.name" value="Java Platform API Specification"/>
    <property name="apple.awt.application.name" value="ForkedBooter"/>
    <property name="surefire.real.class.path" value="/Users/bhavikasodagum/Desktop/202p/LogParserApp/target/surefire/surefirebooter-20241130224434134_3.jar"/>
    <property name="sun.management.compiler" value="HotSpot 64-Bit Tiered Compilers"/>
    <property name="ftp.nonProxyHosts" value="local|*.local|169.254/16|*.169.254/16"/>
    <property name="java.runtime.version" value="22.0.2+9-70"/>
    <property name="user.name" value="bhavikasodagum"/>
    <property name="stdout.encoding" value="UTF-8"/>
    <property name="path.separator" value=":"/>
    <property name="os.version" value="14.6.1"/>
    <property name="java.runtime.name" value="Java(TM) SE Runtime Environment"/>
    <property name="file.encoding" value="UTF-8"/>
    <property name="java.vm.name" value="Java HotSpot(TM) 64-Bit Server VM"/>
    <property name="localRepository" value="/Users/bhavikasodagum/.m2/repository"/>
    <property name="java.vendor.url.bug" value="https://bugreport.java.com/bugreport/"/>
    <property name="java.io.tmpdir" value="/var/folders/89/3801yct96zdgpjn5s4wlwfdr0000gn/T/"/>
    <property name="java.version" value="22.0.2"/>
    <property name="user.dir" value="/Users/bhavikasodagum/Desktop/202p/LogParserApp"/>
    <property name="os.arch" value="aarch64"/>
    <property name="java.vm.specification.name" value="Java Virtual Machine Specification"/>
    <property name="native.encoding" value="UTF-8"/>
    <property name="java.library.path" value="/Users/bhavikasodagum/Library/Java/Extensions:/Library/Java/Extensions:/Network/Library/Java/Extensions:/System/Library/Java/Extensions:/usr/lib/java:."/>
    <property name="java.vm.info" value="mixed mode, sharing"/>
    <property name="stderr.encoding" value="UTF-8"/>
    <property name="java.vendor" value="Oracle Corporation"/>
    <property name="java.vm.version" value="22.0.2+9-70"/>
    <property name="sun.io.unicode.encoding" value="UnicodeBig"/>
    <property name="socksNonProxyHosts" value="local|*.local|169.254/16|*.169.254/16"/>
    <property name="java.class.version" value="66.0"/>
  </properties>
  <testcase name="testWriteAggregatedRequestLogsWithEmptyList" classname="com.logparser.AppTest" time="0.015">
    <system-out><![CDATA[No Request logs to write.
]]></system-out>
  </testcase>
  <testcase name="testWriteToJsonWithIOException" classname="com.logparser.AppTest" time="0.299"/>
  <testcase name="testWriteAggregatedAPMLogsWithEmptyList" classname="com.logparser.AppTest" time="0.001">
    <system-out><![CDATA[No APM logs to write.
]]></system-out>
  </testcase>
  <testcase name="testFormatNumber" classname="com.logparser.AppTest" time="0.001"/>
  <testcase name="testMainWithMissingFile" classname="com.logparser.AppTest" time="0.001"/>
  <testcase name="testCalculatePercentileWithValidInput" classname="com.logparser.AppTest" time="0.001"/>
  <testcase name="testWriteAggregatedApplicationLogsWithEmptyList" classname="com.logparser.AppTest" time="0.001">
    <system-out><![CDATA[No Application logs to write.
]]></system-out>
  </testcase>
  <testcase name="testMainWithValidInput" classname="com.logparser.AppTest" time="0.047">
    <system-out><![CDATA[Logs written to apm.json
Logs written to application.json
Logs written to request.json
Summary Report:
Total skipped log lines: 1
Total file write errors: 1
]]></system-out>
  </testcase>
  <testcase name="testCalculatePercentileWithEmptyList" classname="com.logparser.AppTest" time="0"/>
  <testcase name="testMainWithInvalidArguments" classname="com.logparser.AppTest" time="0.001"/>
  <testcase name="testFormatToOneDecimal" classname="com.logparser.AppTest" time="0.001"/>
  <testcase name="testMainWithEmptyFile" classname="com.logparser.AppTest" time="0.002"/>
  <testcase name="testMainWithOnlyInvalidLines" classname="com.logparser.AppTest" time="0.002"/>
  <testcase name="testCreateEmptyFile" classname="com.logparser.AppTest" time="0.001"/>
</testsuite>